<?xml version="1.0" encoding="UTF-8"?>
<testsuite xmlns:xsi="http://www.w3.org/2001/XMLSchema-instance" xsi:noNamespaceSchemaLocation="https://maven.apache.org/surefire/maven-surefire-plugin/xsd/surefire-test-report-3.0.xsd" version="3.0" name="service.LibraryAnalyticsTest$TopRatedBooksTests" time="0.019" tests="3" errors="1" skipped="0" failures="1">
  <properties>
[...]
</properties>
  <testcase name="testTopRatedBooksSortingPrecedence" classname="service.LibraryAnalyticsTest$TopRatedBooksTests" time="0.01">
    <failure message="1st should be B03 (Highest borrow tiebreaker) ==&gt; expected: &lt;B03&gt; but was: &lt;B04&gt;" type="org.opentest4j.AssertionFailedError"><![CDATA[org.opentest4j.AssertionFailedError: 1st should be B03 (Highest borrow tiebreaker) ==> expected: <B03> but was: <B04>
	at org.junit.jupiter.api.AssertionFailureBuilder.build(AssertionFailureBuilder.java:151)
	at org.junit.jupiter.api.AssertionFailureBuilder.buildAndThrow(AssertionFailureBuilder.java:132)
	at org.junit.jupiter.api.AssertEquals.failNotEqual(AssertEquals.java:197)
	at org.junit.jupiter.api.AssertEquals.assertEquals(AssertEquals.java:182)
	at org.junit.jupiter.api.Assertions.assertEquals(Assertions.java:1156)
	at service.LibraryAnalyticsTest$TopRatedBooksTests.testTopRatedBooksSortingPrecedence(LibraryAnalyticsTest.java:110)
	at java.base/java.lang.reflect.Method.invoke(Method.java:580)
	at java.base/java.util.ArrayList.forEach(ArrayList.java:1596)
	at java.base/java.util.ArrayList.forEach(ArrayList.java:1596)
	at java.base/java.util.ArrayList.forEach(ArrayList.java:1596)
]]></failure>
  </testcase>
  <testcase name="testTopRatedBooksZeroOrNegativeN" classname="service.LibraryAnalyticsTest$TopRatedBooksTests" time="0.004">
    <error message="-5" type="java.lang.IllegalArgumentException"><![CDATA[java.lang.IllegalArgumentException: -5
	at java.base/java.util.stream.ReferencePipeline.limit(ReferencePipeline.java:568)
	at service.LibraryAnalytics.topRatedBooks(LibraryAnalytics.java:118)
	at service.LibraryAnalyticsTest$TopRatedBooksTests.testTopRatedBooksZeroOrNegativeN(LibraryAnalyticsTest.java:130)
	at java.base/java.lang.reflect.Method.invoke(Method.java:580)
	at java.base/java.util.ArrayList.forEach(ArrayList.java:1596)
	at java.base/java.util.ArrayList.forEach(ArrayList.java:1596)
	at java.base/java.util.ArrayList.forEach(ArrayList.java:1596)
]]></error>
  </testcase>
  <testcase name="testTopRatedBooksLargeN" classname="service.LibraryAnalyticsTest$TopRatedBooksTests" time="0.002"/>
</testsuite>